nfcreader_version1/app/build/intermediates/manifest_merge_blame_file/debug/manifest-merger-blame-debug-report.txt
1<?xml version="1.0" encoding="utf-8"?>
2<manifest xmlns:android="http://schemas.android.com/apk/res/android"
3    package="com.example.nfcreader"
4    android:versionCode="1"
5    android:versionName="1.0" >
6
7    <uses-sdk
8        android:minSdkVersion="26"
9        android:targetSdkVersion="34" />
10
11    <uses-permission android:name="android.permission.CAMERA" />
11-->src/main/AndroidManifest.xml:4:5-65
11-->src/main/AndroidManifest.xml:4:22-62
12    <uses-permission android:name="android.permission.READ_EXTERNAL_STORAGE" />
12-->src/main/AndroidManifest.xml:5:5-80
12-->src/main/AndroidManifest.xml:5:22-77
13    <uses-permission android:name="android.permission.WRITE_EXTERNAL_STORAGE" />
13-->src/main/AndroidManifest.xml:6:5-81
13-->src/main/AndroidManifest.xml:6:22-78
14    <uses-permission android:name="android.permission.READ_MEDIA_IMAGES" />
14-->src/main/AndroidManifest.xml:7:5-76
14-->src/main/AndroidManifest.xml:7:22-73
15    <uses-permission android:name="android.permission.INTERNET" />
15-->src/main/AndroidManifest.xml:8:5-67
15-->src/main/AndroidManifest.xml:8:22-64
16    <uses-permission android:name="android.permission.NFC" />
16-->src/main/AndroidManifest.xml:9:5-62
16-->src/main/AndroidManifest.xml:9:22-59
17
18    <uses-feature
18-->src/main/AndroidManifest.xml:11:5-85
19        android:name="android.hardware.camera"
19-->src/main/AndroidManifest.xml:11:19-57
20        android:required="false" />
20-->src/main/AndroidManifest.xml:11:58-82
21    <uses-feature
21-->src/main/AndroidManifest.xml:12:5-81
22        android:name="android.hardware.nfc"
22-->src/main/AndroidManifest.xml:12:19-54
23        android:required="true" />
23-->src/main/AndroidManifest.xml:12:55-78
24
25    <permission
25-->[androidx.core:core:1.9.0] AndroidManifest.xml:22:5-24:47
26        android:name="com.example.nfcreader.DYNAMIC_RECEIVER_NOT_EXPORTED_PERMISSION"
26-->[androidx.core:core:1.9.0] AndroidManifest.xml:23:9-81
27        android:protectionLevel="signature" />
27-->[androidx.core:core:1.9.0] AndroidManifest.xml:24:9-44
28
29    <uses-permission android:name="com.example.nfcreader.DYNAMIC_RECEIVER_NOT_EXPORTED_PERMISSION" />
29-->[androidx.core:core:1.9.0] AndroidManifest.xml:26:5-97
29-->[androidx.core:core:1.9.0] AndroidManifest.xml:26:22-94
30
31    <application
31-->src/main/AndroidManifest.xml:14:5-54:19
32        android:allowBackup="true"
32-->src/main/AndroidManifest.xml:16:9-35
33        android:appComponentFactory="androidx.core.app.CoreComponentFactory"
33-->[androidx.core:core:1.9.0] AndroidManifest.xml:28:18-86
34        android:debuggable="true"
35        android:extractNativeLibs="false"
36        android:icon="@mipmap/ic_launcher"
36-->src/main/AndroidManifest.xml:17:9-43
37        android:label="@string/app_name"
37-->src/main/AndroidManifest.xml:18:9-41
38        android:networkSecurityConfig="@xml/network_security_config"
38-->src/main/AndroidManifest.xml:15:9-69
39        android:roundIcon="@mipmap/ic_launcher_round"
39-->src/main/AndroidManifest.xml:19:9-54
40        android:supportsRtl="true"
40-->src/main/AndroidManifest.xml:20:9-35
41        android:theme="@style/Theme.ImageUploader" >
41-->src/main/AndroidManifest.xml:21:9-51
42        <activity
42-->src/main/AndroidManifest.xml:23:9-52:20
43            android:name="com.example.nfcreader.MainActivity"
43-->src/main/AndroidManifest.xml:24:13-41
44            android:exported="true"
44-->src/main/AndroidManifest.xml:25:13-36
45            android:launchMode="singleTop" >
45-->src/main/AndroidManifest.xml:26:13-43
46            <intent-filter>
46-->src/main/AndroidManifest.xml:27:13-30:29
47                <action android:name="android.intent.action.MAIN" />
47-->src/main/AndroidManifest.xml:28:17-69
47-->src/main/AndroidManifest.xml:28:25-66
48
49                <category android:name="android.intent.category.LAUNCHER" />
49-->src/main/AndroidManifest.xml:29:17-77
49-->src/main/AndroidManifest.xml:29:27-74
50            </intent-filter>
51
52            <!-- NFC Intent Filters -->
53            <intent-filter>
53-->src/main/AndroidManifest.xml:33:13-37:29
54                <action android:name="android.nfc.action.NDEF_DISCOVERED" />
54-->src/main/AndroidManifest.xml:34:17-77
54-->src/main/AndroidManifest.xml:34:25-74
55
56                <category android:name="android.intent.category.DEFAULT" />
56-->src/main/AndroidManifest.xml:35:17-76
56-->src/main/AndroidManifest.xml:35:27-73
57
58                <data android:mimeType="text/plain" />
58-->src/main/AndroidManifest.xml:36:17-55
58-->src/main/AndroidManifest.xml:36:23-52
59            </intent-filter>
60            <intent-filter>
60-->src/main/AndroidManifest.xml:39:13-42:29
61                <action android:name="android.nfc.action.TAG_DISCOVERED" />
61-->src/main/AndroidManifest.xml:40:17-76
61-->src/main/AndroidManifest.xml:40:25-73
62
63                <category android:name="android.intent.category.DEFAULT" />
63-->src/main/AndroidManifest.xml:35:17-76
63-->src/main/AndroidManifest.xml:35:27-73
64            </intent-filter>
65            <intent-filter>
65-->src/main/AndroidManifest.xml:44:13-47:29
66                <action android:name="android.nfc.action.TECH_DISCOVERED" />
66-->src/main/AndroidManifest.xml:45:17-77
66-->src/main/AndroidManifest.xml:45:25-74
67
68                <category android:name="android.intent.category.DEFAULT" />
68-->src/main/AndroidManifest.xml:35:17-76
68-->src/main/AndroidManifest.xml:35:27-73
69            </intent-filter>
70
71            <meta-data
71-->src/main/AndroidManifest.xml:49:13-51:59
72                android:name="android.nfc.action.TECH_DISCOVERED"
72-->src/main/AndroidManifest.xml:50:17-66
73                android:resource="@xml/nfc_tech_filter" />
73-->src/main/AndroidManifest.xml:51:17-56
74        </activity>
75
76        <provider
76-->[androidx.emoji2:emoji2:1.2.0] AndroidManifest.xml:24:9-32:20
77            android:name="androidx.startup.InitializationProvider"
77-->[androidx.emoji2:emoji2:1.2.0] AndroidManifest.xml:25:13-67
78            android:authorities="com.example.nfcreader.androidx-startup"
78-->[androidx.emoji2:emoji2:1.2.0] AndroidManifest.xml:26:13-68
79            android:exported="false" >
79-->[androidx.emoji2:emoji2:1.2.0] AndroidManifest.xml:27:13-37
80            <meta-data
80-->[androidx.emoji2:emoji2:1.2.0] AndroidManifest.xml:29:13-31:52
81                android:name="androidx.emoji2.text.EmojiCompatInitializer"
81-->[androidx.emoji2:emoji2:1.2.0] AndroidManifest.xml:30:17-75
82                android:value="androidx.startup" />
82-->[androidx.emoji2:emoji2:1.2.0] AndroidManifest.xml:31:17-49
83            <meta-data
83-->[androidx.lifecycle:lifecycle-process:2.4.1] AndroidManifest.xml:31:13-33:52
84                android:name="androidx.lifecycle.ProcessLifecycleInitializer"
84-->[androidx.lifecycle:lifecycle-process:2.4.1] AndroidManifest.xml:32:17-78
85                android:value="androidx.startup" />
85-->[androidx.lifecycle:lifecycle-process:2.4.1] AndroidManifest.xml:33:17-49
86        </provider>
87    </application>
88
89</manifest>